<?xml version="1.0" encoding="UTF-8"?>
<!-- Generated by org.testng.reporters.JUnitReportReporter -->
<testsuite hostname="DESKTOP-OTGNRE8" failures="0" tests="1" name="com.Mohs10.Reports.PDFReportTest" time="21.019" errors="0" timestamp="2024-01-24T13:04:11 IST" skipped="0">
  <testcase classname="com.Mohs10.Reports.PDFReportTest" name="PDFreports" time="21.019"/>
  <system-out/>
</testsuite> <!-- com.Mohs10.Reports.PDFReportTest -->
