<?xml version="1.0" encoding="UTF-8"?>
<!-- Generated by org.testng.reporters.JUnitReportReporter -->
<testsuite hostname="DESKTOP-OTGNRE8" failures="0" tests="1" name="com.Mohs10.TestScripts.Pharmacy_Superadmin" time="38.210" errors="0" timestamp="2024-01-24T13:04:11 IST" skipped="0">
  <testcase classname="com.Mohs10.TestScripts.Pharmacy_Superadmin" name="PharmacyLoginTestcase2" time="38.210"/>
  <system-out/>
</testsuite> <!-- com.Mohs10.TestScripts.Pharmacy_Superadmin -->
